Change Component Designator: Old Designator=* New Designator=*?
Change Component Designator: Old Designator=J1 New Designator=J?
Change Component Designator: Old Designator=J2 New Designator=J?
Change Component Designator: Old Designator=J3 New Designator=J?
Change Component Designator: Old Designator=J4 New Designator=J?
Change Component Designator: Old Designator=J5 New Designator=J?
Change Component Designator: Old Designator=J6 New Designator=J?
Change Component Designator: Old Designator=J7 New Designator=J?
Change Component Designator: Old Designator=J8 New Designator=J?
Change Component Designator: Old Designator=J9 New Designator=J?
Change Component Designator: Old Designator=J10 New Designator=J?
Change Component Designator: Old Designator=J11 New Designator=J?
Change Component Designator: Old Designator=R1 New Designator=R?
Change Component Designator: Old Designator=R2 New Designator=R?
Change Component Designator: Old Designator=R3 New Designator=R?
Change Component Designator: Old Designator=R4 New Designator=R?
Change Component Designator: Old Designator=R5 New Designator=R?
Change Component Designator: Old Designator=R6 New Designator=R?
Change Component Designator: Old Designator=R7 New Designator=R?
Change Component Designator: Old Designator=R8 New Designator=R?
Change Component Designator: Old Designator=R9 New Designator=R?
Change Component Designator: Old Designator=T1 New Designator=T?
Change Component Designator: Old Designator=T2 New Designator=T?
Change Component Designator: Old Designator=T3 New Designator=T?
Change Component Designator: Old Designator=T4 New Designator=T?
Change Component Designator: Old Designator=T5 New Designator=T?
Change Component Designator: Old Designator=T6 New Designator=T?
Change Component Designator: Old Designator=U1 New Designator=U?
