Added Component: Designator=D1(SODFL3818X130N)
Add component (AddParameter): Name = "Check_prices"; Value = "https://www.snapeda.com/parts/1N4007W/Schleicher/view-part/?ref=eda"; VariantName = "[No Variations]"
Add component (AddParameter): Name = "MF"; Value = "EIC"; VariantName = "[No Variations]"
Add component (AddParameter): Name = "MP"; Value = "1N4007W"; VariantName = "[No Variations]"
Add component (AddParameter): Name = "Package"; Value = "DO-214AA-214 EIC"; VariantName = "[No Variations]"
Add component (AddParameter): Name = "SnapEDA_Link"; Value = "https://www.snapeda.com/parts/1N4007W/Schleicher/view-part/?ref=snap"; VariantName = "[No Variations]"
Add component (AddParameter): Name = "Value"; Value = ""; VariantName = "[No Variations]"
Added Component: Designator=D2(SODFL3818X130N)
Add component (AddParameter): Name = "Check_prices"; Value = "https://www.snapeda.com/parts/1N4007W/Schleicher/view-part/?ref=eda"; VariantName = "[No Variations]"
Add component (AddParameter): Name = "MF"; Value = "EIC"; VariantName = "[No Variations]"
Add component (AddParameter): Name = "MP"; Value = "1N4007W"; VariantName = "[No Variations]"
Add component (AddParameter): Name = "Package"; Value = "DO-214AA-214 EIC"; VariantName = "[No Variations]"
Add component (AddParameter): Name = "SnapEDA_Link"; Value = "https://www.snapeda.com/parts/1N4007W/Schleicher/view-part/?ref=snap"; VariantName = "[No Variations]"
Add component (AddParameter): Name = "Value"; Value = ""; VariantName = "[No Variations]"
Added Pin To Net: NetName=NetD1_1 Pin=D1-1
Added Pin To Net: NetName=NetD1_2 Pin=D1-2
Added Pin To Net: NetName=NetD1_1 Pin=D2-1
Added Pin To Net: NetName=PW_ON/OFF_DRIVER_INPUT Pin=D2-2
Added Member To Class: ClassName=Flight_Controller_Schematic_Sheet1 Member=Component D1 1N4007W-T
Added Member To Class: ClassName=Flight_Controller_Schematic_Sheet1 Member=Component D2 1N4007W-T
