Removed Parameter Availability: from Part Q4
Removed Parameter Availability: from Part Q5
Removed Parameter Availability: from Part Q6
Removed Parameter Availability: from Part Q7
Removed Parameter Availability: from Part R9
Removed Parameter Availability: from Part R10
Removed Parameter Availability: from Part R11
Removed Parameter Availability: from Part R12
Removed Parameter Availability: from Part R13
Removed Parameter Availability: from Part R14
Removed Parameter Availability: from Part R15
Removed Parameter Availability: from Part R16
Removed Parameter Check_prices:https://www.snapeda.com/parts/B4B-XH-A%20(LF)(SN)/JST+Sales+America+Inc./view-part/?ref=eda from Part J9
Removed Parameter Check_prices:https://www.snapeda.com/parts/B4B-XH-A%20(LF)(SN)/JST+Sales+America+Inc./view-part/?ref=eda from Part J10
Removed Parameter Check_prices:https://www.snapeda.com/parts/B4B-XH-A%20(LF)(SN)/JST+Sales+America+Inc./view-part/?ref=eda from Part J11
Removed Parameter Check_prices:https://www.snapeda.com/parts/B4B-XH-A%20(LF)(SN)/JST+Sales+America+Inc./view-part/?ref=eda from Part J12
Removed Parameter Copyright:Copyright (C) 2023 Ultra Librarian. All rights reserved. from Part J5
Removed Parameter Copyright:Copyright (C) 2023 Ultra Librarian. All rights reserved. from Part J6
Removed Parameter Copyright:Copyright (C) 2023 Ultra Librarian. All rights reserved. from Part J7
Removed Parameter Copyright:Copyright (C) 2023 Ultra Librarian. All rights reserved. from Part J8
Removed Parameter Manufacturer's Part #:* from Part R9
Removed Parameter Manufacturer's Part #:* from Part R10
Removed Parameter Manufacturer's Part #:* from Part R11
Removed Parameter Manufacturer's Part #:* from Part R12
Removed Parameter Manufacturer's Part #:* from Part R13
Removed Parameter Manufacturer's Part #:* from Part R14
Removed Parameter Manufacturer's Part #:* from Part R15
Removed Parameter Manufacturer's Part #:* from Part R16
Removed Parameter Manufacturer_Part_Number:B2B-XH-A(LF)(SN) from Part J5
Removed Parameter Manufacturer_Part_Number:B2B-XH-A(LF)(SN) from Part J6
Removed Parameter Manufacturer_Part_Number:B2B-XH-A(LF)(SN) from Part J7
Removed Parameter Manufacturer_Part_Number:B2B-XH-A(LF)(SN) from Part J8
Removed Parameter MF: from Part Q4
Removed Parameter MF: from Part Q5
Removed Parameter MF: from Part Q6
Removed Parameter MF: from Part Q7
Removed Parameter MF: from Part R9
Removed Parameter MF: from Part R10
Removed Parameter MF: from Part R11
Removed Parameter MF: from Part R12
Removed Parameter MF: from Part R13
Removed Parameter MF: from Part R14
Removed Parameter MF: from Part R15
Removed Parameter MF: from Part R16
Removed Parameter MF:JST Sales from Part J9
Removed Parameter MF:JST Sales from Part J10
Removed Parameter MF:JST Sales from Part J11
Removed Parameter MF:JST Sales from Part J12
Removed Parameter Mfr_Name:JST from Part J5
Removed Parameter Mfr_Name:JST from Part J6
Removed Parameter Mfr_Name:JST from Part J7
Removed Parameter Mfr_Name:JST from Part J8
Removed Parameter Price: from Part Q4
Removed Parameter Price: from Part Q5
Removed Parameter Price: from Part Q6
Removed Parameter Price: from Part Q7
Removed Parameter Price: from Part R9
Removed Parameter Price: from Part R10
Removed Parameter Price: from Part R11
Removed Parameter Price: from Part R12
Removed Parameter Price: from Part R13
Removed Parameter Price: from Part R14
Removed Parameter Price: from Part R15
Removed Parameter Price: from Part R16
Removed Parameter RefDes:RefDes from Part J5
Removed Parameter RefDes:RefDes from Part J6
Removed Parameter RefDes:RefDes from Part J7
Removed Parameter RefDes:RefDes from Part J8
Change Value of Parameter Type in Part J5 Old=DEV New=TH
Change Value of Parameter Type in Part J6 Old=DEV New=TH
Change Value of Parameter Type in Part J7 Old=DEV New=TH
Change Value of Parameter Type in Part J8 Old=DEV New=TH
Change Value of Parameter MP in Part J9 Old=B4B-XH-A (LF)(SN) New=
Change Value of Parameter MP in Part J10 Old=B4B-XH-A (LF)(SN) New=
Change Value of Parameter MP in Part J11 Old=B4B-XH-A (LF)(SN) New=
Change Value of Parameter MP in Part J12 Old=B4B-XH-A (LF)(SN) New=
Change Value of Parameter MP in Part Q4 Old=BC846 New=
Change Value of Parameter MP in Part Q5 Old=BC846 New=
Change Value of Parameter MP in Part Q6 Old=BC846 New=
Change Value of Parameter MP in Part Q7 Old=BC846 New=
Added Parameter Manufacturer Part #=B2B-XH-A(LF)(SN) to Part J5
Added Parameter Manufacturer Part #=B2B-XH-A(LF)(SN) to Part J6
Added Parameter Manufacturer Part #=B2B-XH-A(LF)(SN) to Part J7
Added Parameter Manufacturer Part #=B2B-XH-A(LF)(SN) to Part J8
Added Parameter Manufacturer Part #=B4B-XH-A (LF)(SN) to Part J9
Added Parameter Manufacturer Part #=B4B-XH-A (LF)(SN) to Part J10
Added Parameter Manufacturer Part #=B4B-XH-A (LF)(SN) to Part J11
Added Parameter Manufacturer Part #=B4B-XH-A (LF)(SN) to Part J12
Added Parameter MP= to Part J13
Added Parameter MP= to Part J14
Added Parameter MP= to Part J15
Added Parameter MP= to Part J16
Added Parameter Type=TH to Part J9
Added Parameter Type=TH to Part J10
Added Parameter Type=TH to Part J11
Added Parameter Type=TH to Part J12
Added Parameter Type=TH to Part J13
Added Parameter Type=TH to Part J14
Added Parameter Type=TH to Part J15
Added Parameter Type=TH to Part J16
