Replace Part J5 532530270 in D:\Francesco\Thesis\CESE_Thesis_Flight-Controller-PCB\Flight_Controller\Flight_Controller_Schematic_Sheet3.SchDoc with 532530270 from 532530270.IntLib
Replace Part J6 532530270 in D:\Francesco\Thesis\CESE_Thesis_Flight-Controller-PCB\Flight_Controller\Flight_Controller_Schematic_Sheet3.SchDoc with 532530270 from 532530270.IntLib
Replace Part J7 532530270 in D:\Francesco\Thesis\CESE_Thesis_Flight-Controller-PCB\Flight_Controller\Flight_Controller_Schematic_Sheet3.SchDoc with 532530270 from 532530270.IntLib
Replace Part J8 532530270 in D:\Francesco\Thesis\CESE_Thesis_Flight-Controller-PCB\Flight_Controller\Flight_Controller_Schematic_Sheet3.SchDoc with 532530270 from 532530270.IntLib
Replace Part J9 532530370 in D:\Francesco\Thesis\CESE_Thesis_Flight-Controller-PCB\Flight_Controller\Flight_Controller_Schematic_Sheet3.SchDoc with 532530370 from 532530370.IntLib
Replace Part J10 532530370 in D:\Francesco\Thesis\CESE_Thesis_Flight-Controller-PCB\Flight_Controller\Flight_Controller_Schematic_Sheet3.SchDoc with 532530370 from 532530370.IntLib
Replace Part J11 532530370 in D:\Francesco\Thesis\CESE_Thesis_Flight-Controller-PCB\Flight_Controller\Flight_Controller_Schematic_Sheet3.SchDoc with 532530370 from 532530370.IntLib
Replace Part J12 532530370 in D:\Francesco\Thesis\CESE_Thesis_Flight-Controller-PCB\Flight_Controller\Flight_Controller_Schematic_Sheet3.SchDoc with 532530370 from 532530370.IntLib
Replace Part J13 691216510002S in D:\Francesco\Thesis\CESE_Thesis_Flight-Controller-PCB\Flight_Controller\Flight_Controller_Schematic_Sheet3.SchDoc with 691216510002S from 691216510002S.IntLib
Replace Part J14 691216510002S in D:\Francesco\Thesis\CESE_Thesis_Flight-Controller-PCB\Flight_Controller\Flight_Controller_Schematic_Sheet3.SchDoc with 691216510002S from 691216510002S.IntLib
Replace Part J15 691216510002S in D:\Francesco\Thesis\CESE_Thesis_Flight-Controller-PCB\Flight_Controller\Flight_Controller_Schematic_Sheet3.SchDoc with 691216510002S from 691216510002S.IntLib
Replace Part J16 691216510002S in D:\Francesco\Thesis\CESE_Thesis_Flight-Controller-PCB\Flight_Controller\Flight_Controller_Schematic_Sheet3.SchDoc with 691216510002S from 691216510002S.IntLib
Replace Part Q4 BC846 in D:\Francesco\Thesis\CESE_Thesis_Flight-Controller-PCB\Flight_Controller\Flight_Controller_Schematic_Sheet3.SchDoc with BC846 from BC846.IntLib
Replace Part Q5 BC846 in D:\Francesco\Thesis\CESE_Thesis_Flight-Controller-PCB\Flight_Controller\Flight_Controller_Schematic_Sheet3.SchDoc with BC846 from BC846.IntLib
Replace Part Q6 BC846 in D:\Francesco\Thesis\CESE_Thesis_Flight-Controller-PCB\Flight_Controller\Flight_Controller_Schematic_Sheet3.SchDoc with BC846 from BC846.IntLib
Replace Part Q7 BC846 in D:\Francesco\Thesis\CESE_Thesis_Flight-Controller-PCB\Flight_Controller\Flight_Controller_Schematic_Sheet3.SchDoc with BC846 from BC846.IntLib
Replace Part R6 MetalFilm_56_0.25W in D:\Francesco\Thesis\CESE_Thesis_Flight-Controller-PCB\Flight_Controller\Flight_Controller_Schematic_Sheet3.SchDoc with MetalFilm_56_0.25W from MetalFilm_56_0.25W.IntLib
Replace Part R7 MetalFilm_82_0.25W in D:\Francesco\Thesis\CESE_Thesis_Flight-Controller-PCB\Flight_Controller\Flight_Controller_Schematic_Sheet3.SchDoc with MetalFilm_82_0.25W from MetalFilm_82_0.25W.IntLib
Replace Part R8 MetalFilm_56_0.25W in D:\Francesco\Thesis\CESE_Thesis_Flight-Controller-PCB\Flight_Controller\Flight_Controller_Schematic_Sheet3.SchDoc with MetalFilm_56_0.25W from MetalFilm_56_0.25W.IntLib
Replace Part R9 MetalFilm_82_0.25W in D:\Francesco\Thesis\CESE_Thesis_Flight-Controller-PCB\Flight_Controller\Flight_Controller_Schematic_Sheet3.SchDoc with MetalFilm_82_0.25W from MetalFilm_82_0.25W.IntLib
Replace Part R10 MetalFilm_820_0.25W in D:\Francesco\Thesis\CESE_Thesis_Flight-Controller-PCB\Flight_Controller\Flight_Controller_Schematic_Sheet3.SchDoc with MetalFilm_820_0.25W from MetalFilm_820_0.25W.IntLib
Replace Part R11 MetalFilm_2.2k_0.25W in D:\Francesco\Thesis\CESE_Thesis_Flight-Controller-PCB\Flight_Controller\Flight_Controller_Schematic_Sheet3.SchDoc with MetalFilm_2.2k_0.25W from MetalFilm_2.2k_0.25W.IntLib
Replace Part R12 MetalFilm_820_0.25W in D:\Francesco\Thesis\CESE_Thesis_Flight-Controller-PCB\Flight_Controller\Flight_Controller_Schematic_Sheet3.SchDoc with MetalFilm_820_0.25W from MetalFilm_820_0.25W.IntLib
Replace Part R13 MetalFilm_2.2k_0.25W in D:\Francesco\Thesis\CESE_Thesis_Flight-Controller-PCB\Flight_Controller\Flight_Controller_Schematic_Sheet3.SchDoc with MetalFilm_2.2k_0.25W from MetalFilm_2.2k_0.25W.IntLib
