Change Component Footprint: Designator=J9 Old Footprint=2 New Footprint=JST_B4B-XH-A(LF)(SN)
Change Component Footprint: Designator=J10 Old Footprint=2 New Footprint=JST_B4B-XH-A(LF)(SN)
Change Component Footprint: Designator=J11 Old Footprint=2 New Footprint=JST_B4B-XH-A(LF)(SN)
Change Component Footprint: Designator=J12 Old Footprint=2 New Footprint=JST_B4B-XH-A(LF)(SN)
Change Component Footprint: Designator=J5 Old Footprint=MOLEX_532530270 New Footprint=CONN_B2B-XH-ALFSN_JST
Change Component Footprint: Designator=J6 Old Footprint=MOLEX_532530270 New Footprint=CONN_B2B-XH-ALFSN_JST
Change Component Footprint: Designator=J7 Old Footprint=MOLEX_532530270 New Footprint=CONN_B2B-XH-ALFSN_JST
Change Component Footprint: Designator=J8 Old Footprint=MOLEX_532530270 New Footprint=CONN_B2B-XH-ALFSN_JST
Change component parameters: Designator = "J5" ("J5"); Footprint = "MOLEX_532530270"; UniqueID = "\WHNRWNKZ" ("\WHNRWNKZ")
Change component parameters (AddParameter): Name = "Copyright"; Value = "Copyright (C) 2023 Ultra Librarian. All rights reserved."; VariantName = "[No Variations]"
Change component parameters (AddParameter): Name = "Manufacturer_Part_Number"; Value = "B2B-XH-A(LF)(SN)"; VariantName = "[No Variations]"
Change component parameters (AddParameter): Name = "Mfr_Name"; Value = "JST"; VariantName = "[No Variations]"
Change component parameters (AddParameter): Name = "RefDes"; Value = "RefDes"; VariantName = "[No Variations]"
Change component parameters (AddParameter): Name = "Type"; Value = "DEV"; VariantName = "[No Variations]"
Change component parameters: Designator = "J6" ("J6"); Footprint = "MOLEX_532530270"; UniqueID = "\CUYLVGZY" ("\CUYLVGZY")
Change component parameters (AddParameter): Name = "Copyright"; Value = "Copyright (C) 2023 Ultra Librarian. All rights reserved."; VariantName = "[No Variations]"
Change component parameters (AddParameter): Name = "Manufacturer_Part_Number"; Value = "B2B-XH-A(LF)(SN)"; VariantName = "[No Variations]"
Change component parameters (AddParameter): Name = "Mfr_Name"; Value = "JST"; VariantName = "[No Variations]"
Change component parameters (AddParameter): Name = "RefDes"; Value = "RefDes"; VariantName = "[No Variations]"
Change component parameters (AddParameter): Name = "Type"; Value = "DEV"; VariantName = "[No Variations]"
Change component parameters: Designator = "J7" ("J7"); Footprint = "MOLEX_532530270"; UniqueID = "\RCJRFYLW" ("\RCJRFYLW")
Change component parameters (AddParameter): Name = "Copyright"; Value = "Copyright (C) 2023 Ultra Librarian. All rights reserved."; VariantName = "[No Variations]"
Change component parameters (AddParameter): Name = "Manufacturer_Part_Number"; Value = "B2B-XH-A(LF)(SN)"; VariantName = "[No Variations]"
Change component parameters (AddParameter): Name = "Mfr_Name"; Value = "JST"; VariantName = "[No Variations]"
Change component parameters (AddParameter): Name = "RefDes"; Value = "RefDes"; VariantName = "[No Variations]"
Change component parameters (AddParameter): Name = "Type"; Value = "DEV"; VariantName = "[No Variations]"
Change component parameters: Designator = "J8" ("J8"); Footprint = "MOLEX_532530270"; UniqueID = "\WLCEDXAL" ("\WLCEDXAL")
Change component parameters (AddParameter): Name = "Copyright"; Value = "Copyright (C) 2023 Ultra Librarian. All rights reserved."; VariantName = "[No Variations]"
Change component parameters (AddParameter): Name = "Manufacturer_Part_Number"; Value = "B2B-XH-A(LF)(SN)"; VariantName = "[No Variations]"
Change component parameters (AddParameter): Name = "Mfr_Name"; Value = "JST"; VariantName = "[No Variations]"
Change component parameters (AddParameter): Name = "RefDes"; Value = "RefDes"; VariantName = "[No Variations]"
Change component parameters (AddParameter): Name = "Type"; Value = "DEV"; VariantName = "[No Variations]"
Change component parameters: Designator = "J9" ("J9"); Footprint = "2"; UniqueID = "\WDINOQYJ" ("\WDINOQYJ")
Change component parameters (AddParameter): Name = "Check_prices"; Value = "https://www.snapeda.com/parts/B4B-XH-A%20(LF)(SN)/JST+Sales+America+Inc./view-part/?ref=eda"; VariantName = "[No Variations]"
Change component parameters (AddParameter): Name = "MF"; Value = "JST Sales"; VariantName = "[No Variations]"
Change component parameters (AddParameter): Name = "MP"; Value = "B4B-XH-A (LF)(SN)"; VariantName = "[No Variations]"
Change component parameters (AddParameter): Name = "Package"; Value = "None"; VariantName = "[No Variations]"
Change component parameters (AddParameter): Name = "SnapEDA_Link"; Value = "https://www.snapeda.com/parts/B4B-XH-A%20(LF)(SN)/JST+Sales+America+Inc./view-part/?ref=snap"; VariantName = "[No Variations]"
Change component parameters (AddParameter): Name = "Value"; Value = ""; VariantName = "[No Variations]"
Change component parameters: Designator = "J10" ("J10"); Footprint = "2"; UniqueID = "\WGBBNAUK" ("\WGBBNAUK")
Change component parameters (AddParameter): Name = "Check_prices"; Value = "https://www.snapeda.com/parts/B4B-XH-A%20(LF)(SN)/JST+Sales+America+Inc./view-part/?ref=eda"; VariantName = "[No Variations]"
Change component parameters (AddParameter): Name = "MF"; Value = "JST Sales"; VariantName = "[No Variations]"
Change component parameters (AddParameter): Name = "MP"; Value = "B4B-XH-A (LF)(SN)"; VariantName = "[No Variations]"
Change component parameters (AddParameter): Name = "Package"; Value = "None"; VariantName = "[No Variations]"
Change component parameters (AddParameter): Name = "SnapEDA_Link"; Value = "https://www.snapeda.com/parts/B4B-XH-A%20(LF)(SN)/JST+Sales+America+Inc./view-part/?ref=snap"; VariantName = "[No Variations]"
Change component parameters (AddParameter): Name = "Value"; Value = ""; VariantName = "[No Variations]"
Change component parameters: Designator = "J11" ("J11"); Footprint = "2"; UniqueID = "\JEXBJWWJ" ("\JEXBJWWJ")
Change component parameters (AddParameter): Name = "Check_prices"; Value = "https://www.snapeda.com/parts/B4B-XH-A%20(LF)(SN)/JST+Sales+America+Inc./view-part/?ref=eda"; VariantName = "[No Variations]"
Change component parameters (AddParameter): Name = "MF"; Value = "JST Sales"; VariantName = "[No Variations]"
Change component parameters (AddParameter): Name = "MP"; Value = "B4B-XH-A (LF)(SN)"; VariantName = "[No Variations]"
Change component parameters (AddParameter): Name = "Package"; Value = "None"; VariantName = "[No Variations]"
Change component parameters (AddParameter): Name = "SnapEDA_Link"; Value = "https://www.snapeda.com/parts/B4B-XH-A%20(LF)(SN)/JST+Sales+America+Inc./view-part/?ref=snap"; VariantName = "[No Variations]"
Change component parameters (AddParameter): Name = "Value"; Value = ""; VariantName = "[No Variations]"
Change component parameters: Designator = "J12" ("J12"); Footprint = "2"; UniqueID = "\YAPKYSTV" ("\YAPKYSTV")
Change component parameters (AddParameter): Name = "Check_prices"; Value = "https://www.snapeda.com/parts/B4B-XH-A%20(LF)(SN)/JST+Sales+America+Inc./view-part/?ref=eda"; VariantName = "[No Variations]"
Change component parameters (AddParameter): Name = "MF"; Value = "JST Sales"; VariantName = "[No Variations]"
Change component parameters (AddParameter): Name = "MP"; Value = "B4B-XH-A (LF)(SN)"; VariantName = "[No Variations]"
Change component parameters (AddParameter): Name = "Package"; Value = "None"; VariantName = "[No Variations]"
Change component parameters (AddParameter): Name = "SnapEDA_Link"; Value = "https://www.snapeda.com/parts/B4B-XH-A%20(LF)(SN)/JST+Sales+America+Inc./view-part/?ref=snap"; VariantName = "[No Variations]"
Change component parameters (AddParameter): Name = "Value"; Value = ""; VariantName = "[No Variations]"
