Removed Pin From Net: NetName=+3.3 Pin=J2-1
Removed Pin From Net: NetName=ST-LINK_SDIO Pin=J2-2
Removed Pin From Net: NetName=ST-LINK_SCK Pin=J2-3
Removed Pin From Net: NetName=GND Pin=J2-4
Removed Pin From Net: NetName=+5 Pin=J4-1
Removed Pin From Net: NetName=GND Pin=J4-3
Change Component Footprint: Designator=J4 Old Footprint=2 New Footprint=JST_B4B-XH-A(LF)(SN)
Change Component Footprint: Designator=J3 Old Footprint=MOLEX_532530270 New Footprint=CONN_B2B-XH-ALFSN_JST
Change Component Footprint: Designator=J2 Old Footprint=MOLEX_532530470 New Footprint=JST_B4B-XH-A(LF)(SN)
Change component parameters: Designator = "J2" ("J2"); Footprint = "MOLEX_532530470"; UniqueID = "\QGIPCPVD" ("\QGIPCPVD")
Change component parameters (AddParameter): Name = "Check_prices"; Value = "https://www.snapeda.com/parts/B4B-XH-A%20(LF)(SN)/JST+Sales+America+Inc./view-part/?ref=eda"; VariantName = "[No Variations]"
Change component parameters (AddParameter): Name = "MF"; Value = "JST Sales"; VariantName = "[No Variations]"
Change component parameters (AddParameter): Name = "MP"; Value = "B4B-XH-A (LF)(SN)"; VariantName = "[No Variations]"
Change component parameters (AddParameter): Name = "Package"; Value = "None"; VariantName = "[No Variations]"
Change component parameters (AddParameter): Name = "SnapEDA_Link"; Value = "https://www.snapeda.com/parts/B4B-XH-A%20(LF)(SN)/JST+Sales+America+Inc./view-part/?ref=snap"; VariantName = "[No Variations]"
Change component parameters (AddParameter): Name = "Value"; Value = ""; VariantName = "[No Variations]"
Change component parameters: Designator = "J3" ("J3"); Footprint = "MOLEX_532530270"; UniqueID = "\NHLQCUSG" ("\NHLQCUSG")
Change component parameters (AddParameter): Name = "Copyright"; Value = "Copyright (C) 2023 Ultra Librarian. All rights reserved."; VariantName = "[No Variations]"
Change component parameters (AddParameter): Name = "Manufacturer_Part_Number"; Value = "B2B-XH-A(LF)(SN)"; VariantName = "[No Variations]"
Change component parameters (AddParameter): Name = "Mfr_Name"; Value = "JST"; VariantName = "[No Variations]"
Change component parameters (AddParameter): Name = "RefDes"; Value = "RefDes"; VariantName = "[No Variations]"
Change component parameters (AddParameter): Name = "Type"; Value = "DEV"; VariantName = "[No Variations]"
Change component parameters: Designator = "J4" ("J4"); Footprint = "2"; UniqueID = "\JWKCXCDD" ("\JWKCXCDD")
Change component parameters (AddParameter): Name = "Check_prices"; Value = "https://www.snapeda.com/parts/B4B-XH-A%20(LF)(SN)/JST+Sales+America+Inc./view-part/?ref=eda"; VariantName = "[No Variations]"
Change component parameters (AddParameter): Name = "MF"; Value = "JST Sales"; VariantName = "[No Variations]"
Change component parameters (AddParameter): Name = "MP"; Value = "B4B-XH-A (LF)(SN)"; VariantName = "[No Variations]"
Change component parameters (AddParameter): Name = "Package"; Value = "None"; VariantName = "[No Variations]"
Change component parameters (AddParameter): Name = "SnapEDA_Link"; Value = "https://www.snapeda.com/parts/B4B-XH-A%20(LF)(SN)/JST+Sales+America+Inc./view-part/?ref=snap"; VariantName = "[No Variations]"
Change component parameters (AddParameter): Name = "Value"; Value = ""; VariantName = "[No Variations]"
Added Pin To Net: NetName=GND Pin=J2-1
Added Pin To Net: NetName=ST-LINK_SCK Pin=J2-2
Added Pin To Net: NetName=ST-LINK_SDIO Pin=J2-3
Added Pin To Net: NetName=+3.3 Pin=J2-4
Added Pin To Net: NetName=GND Pin=J4-1
Added Pin To Net: NetName=+5 Pin=J4-3
