Change Component Comment : Designator=D1 Old Comment=1N4007W-T New Comment=1N4007FL
Change Component Comment : Designator=D2 Old Comment=1N4007W-T New Comment=1N4007FL
Change Component Comment : Designator=J5 Old Comment=LED 1 New Comment=ESC1
Change Component Comment : Designator=J6 Old Comment=LED 2 New Comment=ESC 2
Change Component Comment : Designator=J7 Old Comment=LED 3 New Comment=ESC 3
Change Component Comment : Designator=J8 Old Comment=LED 4 New Comment=ESC 4
Change Component Comment : Designator=Q1 Old Comment=Si2319CDS New Comment=SI2319DS
Change component parameters: Designator = "D1" ("D1"); Footprint = "SODFL3818X130N"; UniqueID = "\AACGSMUZ" ("\AACGSMUZ")
Change component parameters (AddParameter): Name = "Manufacturer"; Value = "SMC Diode Solutions"; VariantName = "[No Variations]"
Change component parameters (AddParameter): Name = "Manufacturer's Part #"; Value = "1N4007FL"; VariantName = "[No Variations]"
Change component parameters (AddParameter): Name = "MF"; Value = ""; VariantName = "[No Variations]"
Change component parameters (AddParameter): Name = "MP"; Value = ""; VariantName = "[No Variations]"
Change component parameters (AddParameter): Name = "Package"; Value = "SOD-123FL"; VariantName = "[No Variations]"
Change component parameters (AddParameter): Name = "Value"; Value = ""; VariantName = "[No Variations]"
Change component parameters: Designator = "D2" ("D2"); Footprint = "SODFL3818X130N"; UniqueID = "\PTKHDLSG" ("\PTKHDLSG")
Change component parameters (AddParameter): Name = "Manufacturer"; Value = "SMC Diode Solutions"; VariantName = "[No Variations]"
Change component parameters (AddParameter): Name = "Manufacturer's Part #"; Value = "1N4007FL"; VariantName = "[No Variations]"
Change component parameters (AddParameter): Name = "MF"; Value = ""; VariantName = "[No Variations]"
Change component parameters (AddParameter): Name = "MP"; Value = ""; VariantName = "[No Variations]"
Change component parameters (AddParameter): Name = "Package"; Value = "SOD-123FL"; VariantName = "[No Variations]"
Change component parameters (AddParameter): Name = "Value"; Value = ""; VariantName = "[No Variations]"
Change component parameters: Designator = "Q1" ("Q1"); Footprint = "TO-236_VIS"; UniqueID = "\FLHFEAWI" ("\FLHFEAWI")
Change component parameters (AddParameter): Name = "Manufacturer"; Value = "Vishay Siliconix"; VariantName = "[No Variations]"
Change component parameters (AddParameter): Name = "Manufacturer Part #"; Value = "SI2319DS-T1-E3"; VariantName = "[No Variations]"
Change component parameters (AddParameter): Name = "Package"; Value = "SOT23-3"; VariantName = "[No Variations]"
Change component parameters (AddParameter): Name = "Type"; Value = "SMD"; VariantName = "[No Variations]"
Change component parameters: Designator = "Q2" ("Q2"); Footprint = "SOT23"; UniqueID = "\QBAJPFJV" ("\QBAJPFJV")
Change component parameters (AddParameter): Name = "Availability"; Value = ""; VariantName = "[No Variations]"
Change component parameters (AddParameter): Name = "Manufacturer"; Value = "ONSEMI"; VariantName = "[No Variations]"
Change component parameters (AddParameter): Name = "Manufacturer Part #"; Value = "BC846BLT3G"; VariantName = "[No Variations]"
Change component parameters (AddParameter): Name = "MF"; Value = ""; VariantName = "[No Variations]"
Change component parameters (AddParameter): Name = "MP"; Value = "BC846"; VariantName = "[No Variations]"
Change component parameters (AddParameter): Name = "Package"; Value = "SOT-23-3"; VariantName = "[No Variations]"
Change component parameters (AddParameter): Name = "Price"; Value = ""; VariantName = "[No Variations]"
Change component parameters (AddParameter): Name = "Type"; Value = "SMD"; VariantName = "[No Variations]"
Change component parameters (AddParameter): Name = "Value"; Value = ""; VariantName = "[No Variations]"
Change component parameters: Designator = "Q3" ("Q3"); Footprint = "SOT23"; UniqueID = "\ICHWNNCL" ("\ICHWNNCL")
Change component parameters (AddParameter): Name = "Availability"; Value = ""; VariantName = "[No Variations]"
Change component parameters (AddParameter): Name = "Manufacturer"; Value = "ONSEMI"; VariantName = "[No Variations]"
Change component parameters (AddParameter): Name = "Manufacturer Part #"; Value = "BC846BLT3G"; VariantName = "[No Variations]"
Change component parameters (AddParameter): Name = "MF"; Value = ""; VariantName = "[No Variations]"
Change component parameters (AddParameter): Name = "MP"; Value = "BC846"; VariantName = "[No Variations]"
Change component parameters (AddParameter): Name = "Package"; Value = "SOT-23-3"; VariantName = "[No Variations]"
Change component parameters (AddParameter): Name = "Price"; Value = ""; VariantName = "[No Variations]"
Change component parameters (AddParameter): Name = "Type"; Value = "SMD"; VariantName = "[No Variations]"
Change component parameters (AddParameter): Name = "Value"; Value = ""; VariantName = "[No Variations]"
Change component parameters: Designator = "Q4" ("Q4"); Footprint = "SOT23"; UniqueID = "\KLLPTLHT" ("\KLLPTLHT")
Change component parameters (AddParameter): Name = "Availability"; Value = ""; VariantName = "[No Variations]"
Change component parameters (AddParameter): Name = "Manufacturer"; Value = "ONSEMI"; VariantName = "[No Variations]"
Change component parameters (AddParameter): Name = "Manufacturer Part #"; Value = "BC846BLT3G"; VariantName = "[No Variations]"
Change component parameters (AddParameter): Name = "MF"; Value = ""; VariantName = "[No Variations]"
Change component parameters (AddParameter): Name = "MP"; Value = "BC846"; VariantName = "[No Variations]"
Change component parameters (AddParameter): Name = "Package"; Value = "SOT-23-3"; VariantName = "[No Variations]"
Change component parameters (AddParameter): Name = "Price"; Value = ""; VariantName = "[No Variations]"
Change component parameters (AddParameter): Name = "Type"; Value = "SMD"; VariantName = "[No Variations]"
Change component parameters (AddParameter): Name = "Value"; Value = ""; VariantName = "[No Variations]"
Change component parameters: Designator = "Q5" ("Q5"); Footprint = "SOT23"; UniqueID = "\WENPFIHD" ("\WENPFIHD")
Change component parameters (AddParameter): Name = "Availability"; Value = ""; VariantName = "[No Variations]"
Change component parameters (AddParameter): Name = "Manufacturer"; Value = "ONSEMI"; VariantName = "[No Variations]"
Change component parameters (AddParameter): Name = "Manufacturer Part #"; Value = "BC846BLT3G"; VariantName = "[No Variations]"
Change component parameters (AddParameter): Name = "MF"; Value = ""; VariantName = "[No Variations]"
Change component parameters (AddParameter): Name = "MP"; Value = "BC846"; VariantName = "[No Variations]"
Change component parameters (AddParameter): Name = "Package"; Value = "SOT-23-3"; VariantName = "[No Variations]"
Change component parameters (AddParameter): Name = "Price"; Value = ""; VariantName = "[No Variations]"
Change component parameters (AddParameter): Name = "Type"; Value = "SMD"; VariantName = "[No Variations]"
Change component parameters (AddParameter): Name = "Value"; Value = ""; VariantName = "[No Variations]"
Change component parameters: Designator = "Q6" ("Q6"); Footprint = "SOT23"; UniqueID = "\CPGWNVXO" ("\CPGWNVXO")
Change component parameters (AddParameter): Name = "Availability"; Value = ""; VariantName = "[No Variations]"
Change component parameters (AddParameter): Name = "Manufacturer"; Value = "ONSEMI"; VariantName = "[No Variations]"
Change component parameters (AddParameter): Name = "Manufacturer Part #"; Value = "BC846BLT3G"; VariantName = "[No Variations]"
Change component parameters (AddParameter): Name = "MF"; Value = ""; VariantName = "[No Variations]"
Change component parameters (AddParameter): Name = "MP"; Value = "BC846"; VariantName = "[No Variations]"
Change component parameters (AddParameter): Name = "Package"; Value = "SOT-23-3"; VariantName = "[No Variations]"
Change component parameters (AddParameter): Name = "Price"; Value = ""; VariantName = "[No Variations]"
Change component parameters (AddParameter): Name = "Type"; Value = "SMD"; VariantName = "[No Variations]"
Change component parameters (AddParameter): Name = "Value"; Value = ""; VariantName = "[No Variations]"
Change component parameters: Designator = "Q7" ("Q7"); Footprint = "SOT23"; UniqueID = "\OKRFAEXI" ("\OKRFAEXI")
Change component parameters (AddParameter): Name = "Availability"; Value = ""; VariantName = "[No Variations]"
Change component parameters (AddParameter): Name = "Manufacturer"; Value = "ONSEMI"; VariantName = "[No Variations]"
Change component parameters (AddParameter): Name = "Manufacturer Part #"; Value = "BC846BLT3G"; VariantName = "[No Variations]"
Change component parameters (AddParameter): Name = "MF"; Value = ""; VariantName = "[No Variations]"
Change component parameters (AddParameter): Name = "MP"; Value = "BC846"; VariantName = "[No Variations]"
Change component parameters (AddParameter): Name = "Package"; Value = "SOT-23-3"; VariantName = "[No Variations]"
Change component parameters (AddParameter): Name = "Price"; Value = ""; VariantName = "[No Variations]"
Change component parameters (AddParameter): Name = "Type"; Value = "SMD"; VariantName = "[No Variations]"
Change component parameters (AddParameter): Name = "Value"; Value = ""; VariantName = "[No Variations]"
Change component parameters: Designator = "R1" ("R1"); Footprint = "RT1206"; UniqueID = "\WBNOEODR" ("\WBNOEODR")
Change component parameters (AddParameter): Name = "Availability"; Value = ""; VariantName = "[No Variations]"
Change component parameters (AddParameter): Name = "Manufacturer"; Value = ""; VariantName = "[No Variations]"
Change component parameters (AddParameter): Name = "Manufacturer's Part #"; Value = ""; VariantName = "[No Variations]"
Change component parameters (AddParameter): Name = "MF"; Value = ""; VariantName = "[No Variations]"
Change component parameters (AddParameter): Name = "MP"; Value = ""; VariantName = "[No Variations]"
Change component parameters (AddParameter): Name = "Package"; Value = ""; VariantName = "[No Variations]"
Change component parameters (AddParameter): Name = "Price"; Value = ""; VariantName = "[No Variations]"
Change component parameters (AddParameter): Name = "Type"; Value = "SMD"; VariantName = "[No Variations]"
Change component parameters (AddParameter): Name = "Value"; Value = ""; VariantName = "[No Variations]"
Change component parameters: Designator = "R2" ("R2"); Footprint = "RT1206"; UniqueID = "\DQHIJRXV" ("\DQHIJRXV")
Change component parameters (AddParameter): Name = "Availability"; Value = ""; VariantName = "[No Variations]"
Change component parameters (AddParameter): Name = "Manufacturer"; Value = ""; VariantName = "[No Variations]"
Change component parameters (AddParameter): Name = "Manufacturer's Part #"; Value = ""; VariantName = "[No Variations]"
Change component parameters (AddParameter): Name = "MF"; Value = ""; VariantName = "[No Variations]"
Change component parameters (AddParameter): Name = "MP"; Value = ""; VariantName = "[No Variations]"
Change component parameters (AddParameter): Name = "Package"; Value = ""; VariantName = "[No Variations]"
Change component parameters (AddParameter): Name = "Price"; Value = ""; VariantName = "[No Variations]"
Change component parameters (AddParameter): Name = "Type"; Value = "SMD"; VariantName = "[No Variations]"
Change component parameters (AddParameter): Name = "Value"; Value = ""; VariantName = "[No Variations]"
Change component parameters: Designator = "R3" ("R3"); Footprint = "RT1206"; UniqueID = "\EHEJUGUD" ("\EHEJUGUD")
Change component parameters (AddParameter): Name = "Availability"; Value = ""; VariantName = "[No Variations]"
Change component parameters (AddParameter): Name = "Manufacturer"; Value = ""; VariantName = "[No Variations]"
Change component parameters (AddParameter): Name = "Manufacturer's Part #"; Value = ""; VariantName = "[No Variations]"
Change component parameters (AddParameter): Name = "MF"; Value = ""; VariantName = "[No Variations]"
Change component parameters (AddParameter): Name = "MP"; Value = ""; VariantName = "[No Variations]"
Change component parameters (AddParameter): Name = "Package"; Value = ""; VariantName = "[No Variations]"
Change component parameters (AddParameter): Name = "Price"; Value = ""; VariantName = "[No Variations]"
Change component parameters (AddParameter): Name = "Type"; Value = "SMD"; VariantName = "[No Variations]"
Change component parameters (AddParameter): Name = "Value"; Value = ""; VariantName = "[No Variations]"
Change component parameters: Designator = "R4" ("R4"); Footprint = "RT1206"; UniqueID = "\FIKBMBWA" ("\FIKBMBWA")
Change component parameters (AddParameter): Name = "Availability"; Value = ""; VariantName = "[No Variations]"
Change component parameters (AddParameter): Name = "Manufacturer"; Value = ""; VariantName = "[No Variations]"
Change component parameters (AddParameter): Name = "Manufacturer's Part #"; Value = ""; VariantName = "[No Variations]"
Change component parameters (AddParameter): Name = "MF"; Value = ""; VariantName = "[No Variations]"
Change component parameters (AddParameter): Name = "MP"; Value = ""; VariantName = "[No Variations]"
Change component parameters (AddParameter): Name = "Package"; Value = ""; VariantName = "[No Variations]"
Change component parameters (AddParameter): Name = "Price"; Value = ""; VariantName = "[No Variations]"
Change component parameters (AddParameter): Name = "Type"; Value = "SMD"; VariantName = "[No Variations]"
Change component parameters (AddParameter): Name = "Value"; Value = ""; VariantName = "[No Variations]"
Change component parameters: Designator = "R5" ("R5"); Footprint = "RT1206"; UniqueID = "\ZPTZPYXW" ("\ZPTZPYXW")
Change component parameters (AddParameter): Name = "Availability"; Value = ""; VariantName = "[No Variations]"
Change component parameters (AddParameter): Name = "Manufacturer"; Value = ""; VariantName = "[No Variations]"
Change component parameters (AddParameter): Name = "Manufacturer's Part #"; Value = ""; VariantName = "[No Variations]"
Change component parameters (AddParameter): Name = "MF"; Value = ""; VariantName = "[No Variations]"
Change component parameters (AddParameter): Name = "MP"; Value = ""; VariantName = "[No Variations]"
Change component parameters (AddParameter): Name = "Package"; Value = ""; VariantName = "[No Variations]"
Change component parameters (AddParameter): Name = "Price"; Value = ""; VariantName = "[No Variations]"
Change component parameters (AddParameter): Name = "Type"; Value = "SMD"; VariantName = "[No Variations]"
Change component parameters (AddParameter): Name = "Value"; Value = ""; VariantName = "[No Variations]"
Change component parameters: Designator = "R6" ("R6"); Footprint = "RT1206"; UniqueID = "\HOTEGKGB" ("\HOTEGKGB")
Change component parameters (AddParameter): Name = "Availability"; Value = ""; VariantName = "[No Variations]"
Change component parameters (AddParameter): Name = "Manufacturer"; Value = ""; VariantName = "[No Variations]"
Change component parameters (AddParameter): Name = "Manufacturer's Part #"; Value = ""; VariantName = "[No Variations]"
Change component parameters (AddParameter): Name = "MF"; Value = ""; VariantName = "[No Variations]"
Change component parameters (AddParameter): Name = "MP"; Value = ""; VariantName = "[No Variations]"
Change component parameters (AddParameter): Name = "Package"; Value = ""; VariantName = "[No Variations]"
Change component parameters (AddParameter): Name = "Price"; Value = ""; VariantName = "[No Variations]"
Change component parameters (AddParameter): Name = "Type"; Value = "SMD"; VariantName = "[No Variations]"
Change component parameters (AddParameter): Name = "Value"; Value = ""; VariantName = "[No Variations]"
Change component parameters: Designator = "R7" ("R7"); Footprint = "RT1206"; UniqueID = "\XHWCGMQT" ("\XHWCGMQT")
Change component parameters (AddParameter): Name = "Availability"; Value = ""; VariantName = "[No Variations]"
Change component parameters (AddParameter): Name = "Manufacturer"; Value = ""; VariantName = "[No Variations]"
Change component parameters (AddParameter): Name = "Manufacturer's Part #"; Value = ""; VariantName = "[No Variations]"
Change component parameters (AddParameter): Name = "MF"; Value = ""; VariantName = "[No Variations]"
Change component parameters (AddParameter): Name = "MP"; Value = ""; VariantName = "[No Variations]"
Change component parameters (AddParameter): Name = "Package"; Value = ""; VariantName = "[No Variations]"
Change component parameters (AddParameter): Name = "Price"; Value = ""; VariantName = "[No Variations]"
Change component parameters (AddParameter): Name = "Type"; Value = "SMD"; VariantName = "[No Variations]"
Change component parameters (AddParameter): Name = "Value"; Value = ""; VariantName = "[No Variations]"
Change component parameters: Designator = "R8" ("R8"); Footprint = "RT1206"; UniqueID = "\RFEXRHNH" ("\RFEXRHNH")
Change component parameters (AddParameter): Name = "Availability"; Value = ""; VariantName = "[No Variations]"
Change component parameters (AddParameter): Name = "Manufacturer"; Value = ""; VariantName = "[No Variations]"
Change component parameters (AddParameter): Name = "Manufacturer's Part #"; Value = ""; VariantName = "[No Variations]"
Change component parameters (AddParameter): Name = "MF"; Value = ""; VariantName = "[No Variations]"
Change component parameters (AddParameter): Name = "MP"; Value = ""; VariantName = "[No Variations]"
Change component parameters (AddParameter): Name = "Package"; Value = ""; VariantName = "[No Variations]"
Change component parameters (AddParameter): Name = "Price"; Value = ""; VariantName = "[No Variations]"
Change component parameters (AddParameter): Name = "Type"; Value = "SMD"; VariantName = "[No Variations]"
Change component parameters (AddParameter): Name = "Value"; Value = ""; VariantName = "[No Variations]"
Change component parameters: Designator = "R9" ("R9"); Footprint = "RT1206"; UniqueID = "\UQJOKACH" ("\UQJOKACH")
Change component parameters (AddParameter): Name = "Availability"; Value = ""; VariantName = "[No Variations]"
Change component parameters (AddParameter): Name = "Manufacturer"; Value = ""; VariantName = "[No Variations]"
Change component parameters (AddParameter): Name = "Manufacturer's Part #"; Value = ""; VariantName = "[No Variations]"
Change component parameters (AddParameter): Name = "MF"; Value = ""; VariantName = "[No Variations]"
Change component parameters (AddParameter): Name = "MP"; Value = ""; VariantName = "[No Variations]"
Change component parameters (AddParameter): Name = "Package"; Value = ""; VariantName = "[No Variations]"
Change component parameters (AddParameter): Name = "Price"; Value = ""; VariantName = "[No Variations]"
Change component parameters (AddParameter): Name = "Type"; Value = "SMD"; VariantName = "[No Variations]"
Change component parameters (AddParameter): Name = "Value"; Value = ""; VariantName = "[No Variations]"
Change component parameters: Designator = "R10" ("R10"); Footprint = "RT1206"; UniqueID = "\AMDOIPEJ" ("\AMDOIPEJ")
Change component parameters (AddParameter): Name = "Availability"; Value = ""; VariantName = "[No Variations]"
Change component parameters (AddParameter): Name = "Manufacturer"; Value = ""; VariantName = "[No Variations]"
Change component parameters (AddParameter): Name = "Manufacturer's Part #"; Value = ""; VariantName = "[No Variations]"
Change component parameters (AddParameter): Name = "MF"; Value = ""; VariantName = "[No Variations]"
Change component parameters (AddParameter): Name = "MP"; Value = ""; VariantName = "[No Variations]"
Change component parameters (AddParameter): Name = "Package"; Value = ""; VariantName = "[No Variations]"
Change component parameters (AddParameter): Name = "Price"; Value = ""; VariantName = "[No Variations]"
Change component parameters (AddParameter): Name = "Type"; Value = "SMD"; VariantName = "[No Variations]"
Change component parameters (AddParameter): Name = "Value"; Value = ""; VariantName = "[No Variations]"
Change component parameters: Designator = "R11" ("R11"); Footprint = "RT1206"; UniqueID = "\UELWSWOH" ("\UELWSWOH")
Change component parameters (AddParameter): Name = "Availability"; Value = ""; VariantName = "[No Variations]"
Change component parameters (AddParameter): Name = "Manufacturer"; Value = ""; VariantName = "[No Variations]"
Change component parameters (AddParameter): Name = "Manufacturer's Part #"; Value = ""; VariantName = "[No Variations]"
Change component parameters (AddParameter): Name = "MF"; Value = ""; VariantName = "[No Variations]"
Change component parameters (AddParameter): Name = "MP"; Value = ""; VariantName = "[No Variations]"
Change component parameters (AddParameter): Name = "Package"; Value = ""; VariantName = "[No Variations]"
Change component parameters (AddParameter): Name = "Price"; Value = ""; VariantName = "[No Variations]"
Change component parameters (AddParameter): Name = "Type"; Value = "SMD"; VariantName = "[No Variations]"
Change component parameters (AddParameter): Name = "Value"; Value = ""; VariantName = "[No Variations]"
Change component parameters: Designator = "R12" ("R12"); Footprint = "RT1206"; UniqueID = "\ABCZDMZS" ("\ABCZDMZS")
Change component parameters (AddParameter): Name = "Availability"; Value = ""; VariantName = "[No Variations]"
Change component parameters (AddParameter): Name = "Manufacturer"; Value = ""; VariantName = "[No Variations]"
Change component parameters (AddParameter): Name = "Manufacturer's Part #"; Value = ""; VariantName = "[No Variations]"
Change component parameters (AddParameter): Name = "MF"; Value = ""; VariantName = "[No Variations]"
Change component parameters (AddParameter): Name = "MP"; Value = ""; VariantName = "[No Variations]"
Change component parameters (AddParameter): Name = "Package"; Value = ""; VariantName = "[No Variations]"
Change component parameters (AddParameter): Name = "Price"; Value = ""; VariantName = "[No Variations]"
Change component parameters (AddParameter): Name = "Type"; Value = "SMD"; VariantName = "[No Variations]"
Change component parameters (AddParameter): Name = "Value"; Value = ""; VariantName = "[No Variations]"
Change component parameters: Designator = "R13" ("R13"); Footprint = "RT1206"; UniqueID = "\IMNIFMXX" ("\IMNIFMXX")
Change component parameters (AddParameter): Name = "Availability"; Value = ""; VariantName = "[No Variations]"
Change component parameters (AddParameter): Name = "Manufacturer"; Value = ""; VariantName = "[No Variations]"
Change component parameters (AddParameter): Name = "Manufacturer's Part #"; Value = ""; VariantName = "[No Variations]"
Change component parameters (AddParameter): Name = "MF"; Value = ""; VariantName = "[No Variations]"
Change component parameters (AddParameter): Name = "MP"; Value = ""; VariantName = "[No Variations]"
Change component parameters (AddParameter): Name = "Package"; Value = ""; VariantName = "[No Variations]"
Change component parameters (AddParameter): Name = "Price"; Value = ""; VariantName = "[No Variations]"
Change component parameters (AddParameter): Name = "Type"; Value = "SMD"; VariantName = "[No Variations]"
Change component parameters (AddParameter): Name = "Value"; Value = ""; VariantName = "[No Variations]"
Change component parameters: Designator = "R14" ("R14"); Footprint = "RT1206"; UniqueID = "\VDVMSHJY" ("\VDVMSHJY")
Change component parameters (AddParameter): Name = "Availability"; Value = ""; VariantName = "[No Variations]"
Change component parameters (AddParameter): Name = "Manufacturer"; Value = ""; VariantName = "[No Variations]"
Change component parameters (AddParameter): Name = "Manufacturer's Part #"; Value = ""; VariantName = "[No Variations]"
Change component parameters (AddParameter): Name = "MF"; Value = ""; VariantName = "[No Variations]"
Change component parameters (AddParameter): Name = "MP"; Value = ""; VariantName = "[No Variations]"
Change component parameters (AddParameter): Name = "Package"; Value = ""; VariantName = "[No Variations]"
Change component parameters (AddParameter): Name = "Price"; Value = ""; VariantName = "[No Variations]"
Change component parameters (AddParameter): Name = "Type"; Value = "SMD"; VariantName = "[No Variations]"
Change component parameters (AddParameter): Name = "Value"; Value = ""; VariantName = "[No Variations]"
Change component parameters: Designator = "R15" ("R15"); Footprint = "RT1206"; UniqueID = "\IPYLMPXZ" ("\IPYLMPXZ")
Change component parameters (AddParameter): Name = "Availability"; Value = ""; VariantName = "[No Variations]"
Change component parameters (AddParameter): Name = "Manufacturer"; Value = ""; VariantName = "[No Variations]"
Change component parameters (AddParameter): Name = "Manufacturer's Part #"; Value = ""; VariantName = "[No Variations]"
Change component parameters (AddParameter): Name = "MF"; Value = ""; VariantName = "[No Variations]"
Change component parameters (AddParameter): Name = "MP"; Value = ""; VariantName = "[No Variations]"
Change component parameters (AddParameter): Name = "Package"; Value = ""; VariantName = "[No Variations]"
Change component parameters (AddParameter): Name = "Price"; Value = ""; VariantName = "[No Variations]"
Change component parameters (AddParameter): Name = "Type"; Value = "SMD"; VariantName = "[No Variations]"
Change component parameters (AddParameter): Name = "Value"; Value = ""; VariantName = "[No Variations]"
Change component parameters: Designator = "R16" ("R16"); Footprint = "RT1206"; UniqueID = "\OGUGONAH" ("\OGUGONAH")
Change component parameters (AddParameter): Name = "Availability"; Value = ""; VariantName = "[No Variations]"
Change component parameters (AddParameter): Name = "Manufacturer"; Value = ""; VariantName = "[No Variations]"
Change component parameters (AddParameter): Name = "Manufacturer's Part #"; Value = ""; VariantName = "[No Variations]"
Change component parameters (AddParameter): Name = "MF"; Value = ""; VariantName = "[No Variations]"
Change component parameters (AddParameter): Name = "MP"; Value = ""; VariantName = "[No Variations]"
Change component parameters (AddParameter): Name = "Package"; Value = ""; VariantName = "[No Variations]"
Change component parameters (AddParameter): Name = "Price"; Value = ""; VariantName = "[No Variations]"
Change component parameters (AddParameter): Name = "Type"; Value = "SMD"; VariantName = "[No Variations]"
Change component parameters (AddParameter): Name = "Value"; Value = ""; VariantName = "[No Variations]"
