Removed Parameter MP: from Part J9
Removed Parameter MP: from Part J10
Removed Parameter MP: from Part J11
Removed Parameter MP: from Part J12
Removed Parameter MP: from Part J13
Removed Parameter MP: from Part J14
Removed Parameter MP: from Part J15
Removed Parameter MP: from Part J16
Removed Parameter MP: from Part Q4
Removed Parameter MP: from Part Q5
Removed Parameter MP: from Part Q6
Removed Parameter MP: from Part Q7
Removed Parameter MP: from Part R9
Removed Parameter MP: from Part R10
Removed Parameter MP: from Part R11
Removed Parameter MP: from Part R12
Removed Parameter MP: from Part R13
Removed Parameter MP: from Part R14
Removed Parameter MP: from Part R15
Removed Parameter MP: from Part R16
Change Value of Parameter Manufacturer in Part R9 Old= New=YAGEO
Change Value of Parameter Manufacturer in Part R10 Old= New=YAGEO
Change Value of Parameter Manufacturer in Part R11 Old= New=YAGEO
Change Value of Parameter Manufacturer in Part R12 Old= New=YAGEO
Change Value of Parameter Manufacturer in Part R13 Old= New=YAGEO
Change Value of Parameter Manufacturer in Part R14 Old= New=YAGEO
Change Value of Parameter Manufacturer in Part R15 Old= New=YAGEO
Change Value of Parameter Manufacturer in Part R16 Old= New=YAGEO
Added Parameter Manufacturer=JST to Part J5
Added Parameter Manufacturer=JST to Part J6
Added Parameter Manufacturer=JST to Part J7
Added Parameter Manufacturer=JST to Part J8
Added Parameter Manufacturer=JST to Part J9
Added Parameter Manufacturer=JST to Part J10
Added Parameter Manufacturer=JST to Part J11
Added Parameter Manufacturer=JST to Part J12
Added Parameter Manufacturer=JST to Part J13
Added Parameter Manufacturer=JST to Part J14
Added Parameter Manufacturer=JST to Part J15
Added Parameter Manufacturer=JST to Part J16
