Replace Part J5 B2B-XH-ALFSN in D:\Francesco\Thesis\CESE_Thesis_Flight-Controller-PCB\Flight_Controller\Flight_Controller_Schematic_Sheet3.SchDoc with B2B-XH-ALFSN from B2B-XH-ALFSN.IntLib
Replace Part J6 B2B-XH-ALFSN in D:\Francesco\Thesis\CESE_Thesis_Flight-Controller-PCB\Flight_Controller\Flight_Controller_Schematic_Sheet3.SchDoc with B2B-XH-ALFSN from B2B-XH-ALFSN.IntLib
Replace Part J7 B2B-XH-ALFSN in D:\Francesco\Thesis\CESE_Thesis_Flight-Controller-PCB\Flight_Controller\Flight_Controller_Schematic_Sheet3.SchDoc with B2B-XH-ALFSN from B2B-XH-ALFSN.IntLib
Replace Part J8 B2B-XH-ALFSN in D:\Francesco\Thesis\CESE_Thesis_Flight-Controller-PCB\Flight_Controller\Flight_Controller_Schematic_Sheet3.SchDoc with B2B-XH-ALFSN from B2B-XH-ALFSN.IntLib
Replace Part J9 B4B-XH-A(LF)(SN) in D:\Francesco\Thesis\CESE_Thesis_Flight-Controller-PCB\Flight_Controller\Flight_Controller_Schematic_Sheet3.SchDoc with B4B-XH-A(LF)(SN) from B3B-XH-A_LF__SN_.IntLib
Replace Part J10 B4B-XH-A(LF)(SN) in D:\Francesco\Thesis\CESE_Thesis_Flight-Controller-PCB\Flight_Controller\Flight_Controller_Schematic_Sheet3.SchDoc with B4B-XH-A(LF)(SN) from B3B-XH-A_LF__SN_.IntLib
Replace Part J11 B4B-XH-A(LF)(SN) in D:\Francesco\Thesis\CESE_Thesis_Flight-Controller-PCB\Flight_Controller\Flight_Controller_Schematic_Sheet3.SchDoc with B4B-XH-A(LF)(SN) from B3B-XH-A_LF__SN_.IntLib
Replace Part J12 B4B-XH-A(LF)(SN) in D:\Francesco\Thesis\CESE_Thesis_Flight-Controller-PCB\Flight_Controller\Flight_Controller_Schematic_Sheet3.SchDoc with B4B-XH-A(LF)(SN) from B3B-XH-A_LF__SN_.IntLib
Replace Part J13 ED500V-02P in D:\Francesco\Thesis\CESE_Thesis_Flight-Controller-PCB\Flight_Controller\Flight_Controller_Schematic_Sheet3.SchDoc with ED500V-02P from ED500V-02P.IntLib
Replace Part J14 ED500V-02P in D:\Francesco\Thesis\CESE_Thesis_Flight-Controller-PCB\Flight_Controller\Flight_Controller_Schematic_Sheet3.SchDoc with ED500V-02P from ED500V-02P.IntLib
Replace Part J15 ED500V-02P in D:\Francesco\Thesis\CESE_Thesis_Flight-Controller-PCB\Flight_Controller\Flight_Controller_Schematic_Sheet3.SchDoc with ED500V-02P from ED500V-02P.IntLib
Replace Part J16 ED500V-02P in D:\Francesco\Thesis\CESE_Thesis_Flight-Controller-PCB\Flight_Controller\Flight_Controller_Schematic_Sheet3.SchDoc with ED500V-02P from ED500V-02P.IntLib
Replace Part Q4 BC846 in D:\Francesco\Thesis\CESE_Thesis_Flight-Controller-PCB\Flight_Controller\Flight_Controller_Schematic_Sheet3.SchDoc with BC846 from BC846.IntLib
Replace Part Q5 BC846 in D:\Francesco\Thesis\CESE_Thesis_Flight-Controller-PCB\Flight_Controller\Flight_Controller_Schematic_Sheet3.SchDoc with BC846 from BC846.IntLib
Replace Part Q6 BC846 in D:\Francesco\Thesis\CESE_Thesis_Flight-Controller-PCB\Flight_Controller\Flight_Controller_Schematic_Sheet3.SchDoc with BC846 from BC846.IntLib
Replace Part Q7 BC846 in D:\Francesco\Thesis\CESE_Thesis_Flight-Controller-PCB\Flight_Controller\Flight_Controller_Schematic_Sheet3.SchDoc with BC846 from BC846.IntLib
Replace Part R9 RT1206 in D:\Francesco\Thesis\CESE_Thesis_Flight-Controller-PCB\Flight_Controller\Flight_Controller_Schematic_Sheet3.SchDoc with RT1206 from RT1206.IntLib
Replace Part R10 RT1206 in D:\Francesco\Thesis\CESE_Thesis_Flight-Controller-PCB\Flight_Controller\Flight_Controller_Schematic_Sheet3.SchDoc with RT1206 from RT1206.IntLib
Replace Part R11 RT1206 in D:\Francesco\Thesis\CESE_Thesis_Flight-Controller-PCB\Flight_Controller\Flight_Controller_Schematic_Sheet3.SchDoc with RT1206 from RT1206.IntLib
Replace Part R12 RT1206 in D:\Francesco\Thesis\CESE_Thesis_Flight-Controller-PCB\Flight_Controller\Flight_Controller_Schematic_Sheet3.SchDoc with RT1206 from RT1206.IntLib
Replace Part R13 RT1206 in D:\Francesco\Thesis\CESE_Thesis_Flight-Controller-PCB\Flight_Controller\Flight_Controller_Schematic_Sheet3.SchDoc with RT1206 from RT1206.IntLib
Replace Part R14 RT1206 in D:\Francesco\Thesis\CESE_Thesis_Flight-Controller-PCB\Flight_Controller\Flight_Controller_Schematic_Sheet3.SchDoc with RT1206 from RT1206.IntLib
Replace Part R15 RT1206 in D:\Francesco\Thesis\CESE_Thesis_Flight-Controller-PCB\Flight_Controller\Flight_Controller_Schematic_Sheet3.SchDoc with RT1206 from RT1206.IntLib
Replace Part R16 RT1206 in D:\Francesco\Thesis\CESE_Thesis_Flight-Controller-PCB\Flight_Controller\Flight_Controller_Schematic_Sheet3.SchDoc with RT1206 from RT1206.IntLib
